# JRE version: OpenJDK Runtime Environment (11.0.15) (build 11.0.15+0-b2043.56-9505619)
# Java VM: OpenJDK 64-Bit Server VM (11.0.15+0-b2043.56-9505619, mixed mode, tiered, compressed oops, g1 gc, windows-amd64)
Heap:
 garbage-first heap   total 372736K, used 239236K [0x00000000a0000000, 0x0000000100000000)
  region size 1024K, 162 young (165888K), 6 survivors (6144K)
 Metaspace       used 78734K, capacity 80768K, committed 80808K, reserved 1120256K
  class space    used 9601K, capacity 10301K, committed 10316K, reserved 1048576K
GC Heap History (20 events):
Event: 23.780 GC heap before
{Heap before GC invocations=59 (full 0):
 garbage-first heap   total 270336K, used 222715K [0x00000000a0000000, 0x0000000100000000)
  region size 1024K, 146 young (149504K), 8 survivors (8192K)
 Metaspace       used 78672K, capacity 80758K, committed 80808K, reserved 1120256K
  class space    used 9598K, capacity 10300K, committed 10316K, reserved 1048576K
}
Event: 23.787 GC heap after
{Heap after GC invocations=60 (full 0):
 garbage-first heap   total 270336K, used 84184K [0x00000000a0000000, 0x0000000100000000)
  region size 1024K, 8 young (8192K), 8 survivors (8192K)
 Metaspace       used 78672K, capacity 80758K, committed 80808K, reserved 1120256K
  class space    used 9598K, capacity 10300K, committed 10316K, reserved 1048576K
}
Event: 23.963 GC heap before
{Heap before GC invocations=60 (full 0):
 garbage-first heap   total 270336K, used 227544K [0x00000000a0000000, 0x0000000100000000)
  region size 1024K, 148 young (151552K), 8 survivors (8192K)
 Metaspace       used 78674K, capacity 80758K, committed 80808K, reserved 1120256K
  class space    used 9598K, capacity 10300K, committed 10316K, reserved 1048576K
}
Event: 23.970 GC heap after
{Heap after GC invocations=61 (full 0):
 garbage-first heap   total 270336K, used 85465K [0x00000000a0000000, 0x0000000100000000)
  region size 1024K, 10 young (10240K), 10 survivors (10240K)
 Metaspace       used 78674K, capacity 80758K, committed 80808K, reserved 1120256K
  class space    used 9598K, capacity 10300K, committed 10316K, reserved 1048576K
}
Event: 24.179 GC heap before
{Heap before GC invocations=61 (full 0):
 garbage-first heap   total 270336K, used 226777K [0x00000000a0000000, 0x0000000100000000)
  region size 1024K, 149 young (152576K), 10 survivors (10240K)
 Metaspace       used 78679K, capacity 80758K, committed 80808K, reserved 1120256K
  class space    used 9598K, capacity 10300K, committed 10316K, reserved 1048576K
}
Event: 24.187 GC heap after
{Heap after GC invocations=62 (full 0):
 garbage-first heap   total 270336K, used 85484K [0x00000000a0000000, 0x0000000100000000)
  region size 1024K, 10 young (10240K), 10 survivors (10240K)
 Metaspace       used 78679K, capacity 80758K, committed 80808K, reserved 1120256K
  class space    used 9598K, capacity 10300K, committed 10316K, reserved 1048576K
}
Event: 24.308 GC heap before
{Heap before GC invocations=62 (full 0):
 garbage-first heap   total 270336K, used 228844K [0x00000000a0000000, 0x0000000100000000)
  region size 1024K, 150 young (153600K), 10 survivors (10240K)
 Metaspace       used 78680K, capacity 80758K, committed 80808K, reserved 1120256K
  class space    used 9598K, capacity 10300K, committed 10316K, reserved 1048576K
}
Event: 24.324 GC heap after
{Heap after GC invocations=63 (full 0):
 garbage-first heap   total 322560K, used 88972K [0x00000000a0000000, 0x0000000100000000)
  region size 1024K, 12 young (12288K), 12 survivors (12288K)
 Metaspace       used 78680K, capacity 80758K, committed 80808K, reserved 1120256K
  class space    used 9598K, capacity 10300K, committed 10316K, reserved 1048576K
}
Event: 24.458 GC heap before
{Heap before GC invocations=63 (full 0):
 garbage-first heap   total 322560K, used 261004K [0x00000000a0000000, 0x0000000100000000)
  region size 1024K, 181 young (185344K), 12 survivors (12288K)
 Metaspace       used 78684K, capacity 80758K, committed 80808K, reserved 1120256K
  class space    used 9598K, capacity 10300K, committed 10316K, reserved 1048576K
}
Event: 24.465 GC heap after
{Heap after GC invocations=64 (full 0):
 garbage-first heap   total 322560K, used 85738K [0x00000000a0000000, 0x0000000100000000)
  region size 1024K, 10 young (10240K), 10 survivors (10240K)
 Metaspace       used 78684K, capacity 80758K, committed 80808K, reserved 1120256K
  class space    used 9598K, capacity 10300K, committed 10316K, reserved 1048576K
}
Event: 24.586 GC heap before
{Heap before GC invocations=64 (full 0):
 garbage-first heap   total 322560K, used 268010K [0x00000000a0000000, 0x0000000100000000)
  region size 1024K, 190 young (194560K), 10 survivors (10240K)
 Metaspace       used 78690K, capacity 80758K, committed 80808K, reserved 1120256K
  class space    used 9598K, capacity 10300K, committed 10316K, reserved 1048576K
}
Event: 24.593 GC heap after
{Heap after GC invocations=65 (full 0):
 garbage-first heap   total 322560K, used 86010K [0x00000000a0000000, 0x0000000100000000)
  region size 1024K, 10 young (10240K), 10 survivors (10240K)
 Metaspace       used 78690K, capacity 80758K, committed 80808K, reserved 1120256K
  class space    used 9598K, capacity 10300K, committed 10316K, reserved 1048576K
}
Event: 24.797 GC heap before
{Heap before GC invocations=65 (full 0):
 garbage-first heap   total 322560K, used 269306K [0x00000000a0000000, 0x0000000100000000)
  region size 1024K, 190 young (194560K), 10 survivors (10240K)
 Metaspace       used 78690K, capacity 80758K, committed 80808K, reserved 1120256K
  class space    used 9598K, capacity 10300K, committed 10316K, reserved 1048576K
}
Event: 24.804 GC heap after
{Heap after GC invocations=66 (full 0):
 garbage-first heap   total 322560K, used 85852K [0x00000000a0000000, 0x0000000100000000)
  region size 1024K, 10 young (10240K), 10 survivors (10240K)
 Metaspace       used 78690K, capacity 80758K, committed 80808K, reserved 1120256K
  class space    used 9598K, capacity 10300K, committed 10316K, reserved 1048576K
}
Event: 24.987 GC heap before
{Heap before GC invocations=66 (full 0):
 garbage-first heap   total 322560K, used 268124K [0x00000000a0000000, 0x0000000100000000)
  region size 1024K, 189 young (193536K), 10 survivors (10240K)
 Metaspace       used 78690K, capacity 80758K, committed 80808K, reserved 1120256K
  class space    used 9598K, capacity 10300K, committed 10316K, reserved 1048576K
}
Event: 24.997 GC heap after
{Heap after GC invocations=67 (full 0):
 garbage-first heap   total 372736K, used 87216K [0x00000000a0000000, 0x0000000100000000)
  region size 1024K, 11 young (11264K), 11 survivors (11264K)
 Metaspace       used 78690K, capacity 80758K, committed 80808K, reserved 1120256K
  class space    used 9598K, capacity 10300K, committed 10316K, reserved 1048576K
}
Event: 25.300 GC heap before
{Heap before GC invocations=67 (full 0):
 garbage-first heap   total 372736K, used 299184K [0x00000000a0000000, 0x0000000100000000)
  region size 1024K, 218 young (223232K), 11 survivors (11264K)
 Metaspace       used 78693K, capacity 80760K, committed 80808K, reserved 1120256K
  class space    used 9598K, capacity 10300K, committed 10316K, reserved 1048576K
}
Event: 25.306 GC heap after
{Heap after GC invocations=68 (full 0):
 garbage-first heap   total 372736K, used 82319K [0x00000000a0000000, 0x0000000100000000)
  region size 1024K, 8 young (8192K), 8 survivors (8192K)
 Metaspace       used 78693K, capacity 80760K, committed 80808K, reserved 1120256K
  class space    used 9598K, capacity 10300K, committed 10316K, reserved 1048576K
}
Event: 26.228 GC heap before
{Heap before GC invocations=68 (full 0):
 garbage-first heap   total 372736K, used 298383K [0x00000000a0000000, 0x0000000100000000)
  region size 1024K, 218 young (223232K), 8 survivors (8192K)
 Metaspace       used 78734K, capacity 80768K, committed 80808K, reserved 1120256K
  class space    used 9601K, capacity 10301K, committed 10316K, reserved 1048576K
}
Event: 26.233 GC heap after
{Heap after GC invocations=69 (full 0):
 garbage-first heap   total 372736K, used 80516K [0x00000000a0000000, 0x0000000100000000)
  region size 1024K, 6 young (6144K), 6 survivors (6144K)
 Metaspace       used 78734K, capacity 80768K, committed 80808K, reserved 1120256K
  class space    used 9601K, capacity 10301K, committed 10316K, reserved 1048576K
}

