# JRE version: OpenJDK Runtime Environment (11.0.15) (build 11.0.15+0-b2043.56-9505619)
# Java VM: OpenJDK 64-Bit Server VM (11.0.15+0-b2043.56-9505619, mixed mode, tiered, compressed oops, g1 gc, windows-amd64)
Heap:
 garbage-first heap   total 120832K, used 19703K [0x000000008a200000, 0x0000000100000000)
  region size 1024K, 17 young (17408K), 9 survivors (9216K)
 Metaspace       used 22284K, capacity 22712K, committed 22912K, reserved 1069056K
  class space    used 2497K, capacity 2654K, committed 2688K, reserved 1048576K
GC Heap History (18 events):
Event: 1.581 GC heap before
{Heap before GC invocations=0 (full 0):
 garbage-first heap   total 120832K, used 23552K [0x000000008a200000, 0x0000000100000000)
  region size 1024K, 24 young (24576K), 0 survivors (0K)
 Metaspace       used 15133K, capacity 15368K, committed 15488K, reserved 1062912K
  class space    used 1509K, capacity 1602K, committed 1664K, reserved 1048576K
}
Event: 1.588 GC heap after
{Heap after GC invocations=1 (full 0):
 garbage-first heap   total 120832K, used 3319K [0x000000008a200000, 0x0000000100000000)
  region size 1024K, 3 young (3072K), 3 survivors (3072K)
 Metaspace       used 15133K, capacity 15368K, committed 15488K, reserved 1062912K
  class space    used 1509K, capacity 1602K, committed 1664K, reserved 1048576K
}
Event: 4.547 GC heap before
{Heap before GC invocations=1 (full 0):
 garbage-first heap   total 120832K, used 71927K [0x000000008a200000, 0x0000000100000000)
  region size 1024K, 70 young (71680K), 3 survivors (3072K)
 Metaspace       used 15202K, capacity 15496K, committed 15744K, reserved 1062912K
  class space    used 1509K, capacity 1602K, committed 1664K, reserved 1048576K
}
Event: 4.553 GC heap after
{Heap after GC invocations=2 (full 0):
 garbage-first heap   total 120832K, used 3591K [0x000000008a200000, 0x0000000100000000)
  region size 1024K, 4 young (4096K), 4 survivors (4096K)
 Metaspace       used 15202K, capacity 15496K, committed 15744K, reserved 1062912K
  class space    used 1509K, capacity 1602K, committed 1664K, reserved 1048576K
}
Event: 7.037 GC heap before
{Heap before GC invocations=2 (full 0):
 garbage-first heap   total 120832K, used 71175K [0x000000008a200000, 0x0000000100000000)
  region size 1024K, 70 young (71680K), 4 survivors (4096K)
 Metaspace       used 15202K, capacity 15496K, committed 15744K, reserved 1062912K
  class space    used 1509K, capacity 1602K, committed 1664K, reserved 1048576K
}
Event: 7.042 GC heap after
{Heap after GC invocations=3 (full 0):
 garbage-first heap   total 120832K, used 3617K [0x000000008a200000, 0x0000000100000000)
  region size 1024K, 4 young (4096K), 4 survivors (4096K)
 Metaspace       used 15202K, capacity 15496K, committed 15744K, reserved 1062912K
  class space    used 1509K, capacity 1602K, committed 1664K, reserved 1048576K
}
Event: 9.529 GC heap before
{Heap before GC invocations=3 (full 0):
 garbage-first heap   total 120832K, used 71201K [0x000000008a200000, 0x0000000100000000)
  region size 1024K, 70 young (71680K), 4 survivors (4096K)
 Metaspace       used 15202K, capacity 15496K, committed 15744K, reserved 1062912K
  class space    used 1509K, capacity 1602K, committed 1664K, reserved 1048576K
}
Event: 9.532 GC heap after
{Heap after GC invocations=4 (full 0):
 garbage-first heap   total 120832K, used 3624K [0x000000008a200000, 0x0000000100000000)
  region size 1024K, 4 young (4096K), 4 survivors (4096K)
 Metaspace       used 15202K, capacity 15496K, committed 15744K, reserved 1062912K
  class space    used 1509K, capacity 1602K, committed 1664K, reserved 1048576K
}
Event: 12.019 GC heap before
{Heap before GC invocations=4 (full 0):
 garbage-first heap   total 120832K, used 71208K [0x000000008a200000, 0x0000000100000000)
  region size 1024K, 70 young (71680K), 4 survivors (4096K)
 Metaspace       used 15202K, capacity 15496K, committed 15744K, reserved 1062912K
  class space    used 1509K, capacity 1602K, committed 1664K, reserved 1048576K
}
Event: 12.026 GC heap after
{Heap after GC invocations=5 (full 0):
 garbage-first heap   total 120832K, used 3625K [0x000000008a200000, 0x0000000100000000)
  region size 1024K, 4 young (4096K), 4 survivors (4096K)
 Metaspace       used 15202K, capacity 15496K, committed 15744K, reserved 1062912K
  class space    used 1509K, capacity 1602K, committed 1664K, reserved 1048576K
}
Event: 15.527 GC heap before
{Heap before GC invocations=5 (full 0):
 garbage-first heap   total 120832K, used 73257K [0x000000008a200000, 0x0000000100000000)
  region size 1024K, 70 young (71680K), 4 survivors (4096K)
 Metaspace       used 15303K, capacity 15563K, committed 15744K, reserved 1062912K
  class space    used 1514K, capacity 1603K, committed 1664K, reserved 1048576K
}
Event: 15.531 GC heap after
{Heap after GC invocations=6 (full 0):
 garbage-first heap   total 120832K, used 5822K [0x000000008a200000, 0x0000000100000000)
  region size 1024K, 4 young (4096K), 4 survivors (4096K)
 Metaspace       used 15303K, capacity 15563K, committed 15744K, reserved 1062912K
  class space    used 1514K, capacity 1603K, committed 1664K, reserved 1048576K
}
Event: 18.245 GC heap before
{Heap before GC invocations=6 (full 0):
 garbage-first heap   total 120832K, used 73406K [0x000000008a200000, 0x0000000100000000)
  region size 1024K, 70 young (71680K), 4 survivors (4096K)
 Metaspace       used 15303K, capacity 15563K, committed 15744K, reserved 1062912K
  class space    used 1514K, capacity 1603K, committed 1664K, reserved 1048576K
}
Event: 18.248 GC heap after
{Heap after GC invocations=7 (full 0):
 garbage-first heap   total 120832K, used 5667K [0x000000008a200000, 0x0000000100000000)
  region size 1024K, 4 young (4096K), 4 survivors (4096K)
 Metaspace       used 15303K, capacity 15563K, committed 15744K, reserved 1062912K
  class space    used 1514K, capacity 1603K, committed 1664K, reserved 1048576K
}
Event: 20.420 GC heap before
{Heap before GC invocations=7 (full 0):
 garbage-first heap   total 120832K, used 73251K [0x000000008a200000, 0x0000000100000000)
  region size 1024K, 70 young (71680K), 4 survivors (4096K)
 Metaspace       used 15303K, capacity 15563K, committed 15744K, reserved 1062912K
  class space    used 1514K, capacity 1603K, committed 1664K, reserved 1048576K
}
Event: 20.424 GC heap after
{Heap after GC invocations=8 (full 0):
 garbage-first heap   total 120832K, used 5667K [0x000000008a200000, 0x0000000100000000)
  region size 1024K, 4 young (4096K), 4 survivors (4096K)
 Metaspace       used 15303K, capacity 15563K, committed 15744K, reserved 1062912K
  class space    used 1514K, capacity 1603K, committed 1664K, reserved 1048576K
}
Event: 22.765 GC heap before
{Heap before GC invocations=8 (full 0):
 garbage-first heap   total 120832K, used 77347K [0x000000008a200000, 0x0000000100000000)
  region size 1024K, 70 young (71680K), 4 survivors (4096K)
 Metaspace       used 20743K, capacity 21131K, committed 21248K, reserved 1069056K
  class space    used 2340K, capacity 2465K, committed 2560K, reserved 1048576K
}
Event: 22.773 GC heap after
{Heap after GC invocations=9 (full 0):
 garbage-first heap   total 120832K, used 12535K [0x000000008a200000, 0x0000000100000000)
  region size 1024K, 9 young (9216K), 9 survivors (9216K)
 Metaspace       used 20743K, capacity 21131K, committed 21248K, reserved 1069056K
  class space    used 2340K, capacity 2465K, committed 2560K, reserved 1048576K
}

